TypeError: result.toDataStreamResponse is not a function
    at POST (/Users/imsakthidev/Desktop/Projects/sakthiispeaks/.next/dev/server/chunks/[root-of-the-server]__0h6l6w9._.js:138:23)
    at process.processTicksAndRejections (node:internal/process/task_queues:105:5)
    at async AppRouteRouteModule.do (/Users/imsakthidev/Desktop/Projects/sakthiispeaks/node_modules/next/dist/compiled/next-server/app-route-turbo.runtime.dev.js:5:40131)
    at async AppRouteRouteModule.handle (/Users/imsakthidev/Desktop/Projects/sakthiispeaks/node_modules/next/dist/compiled/next-server/app-route-turbo.runtime.dev.js:5:47411)
    at async responseGenerator (/Users/imsakthidev/Desktop/Projects/sakthiispeaks/.next/dev/server/chunks/0saa_next_dist_0g78rl_._.js:10499:38)
    at async AppRouteRouteModule.handleResponse (/Users/imsakthidev/Desktop/Projects/sakthiispeaks/node_modules/next/dist/compiled/next-server/app-route-turbo.runtime.dev.js:1:228552)
    at async handleResponse (/Users/imsakthidev/Desktop/Projects/sakthiispeaks/.next/dev/server/chunks/0saa_next_dist_0g78rl_._.js:10562:32)
    at async Module.handler (/Users/imsakthidev/Desktop/Projects/sakthiispeaks/.next/dev/server/chunks/0saa_next_dist_0g78rl_._.js:10616:13)
    at async DevServer.renderToResponseWithComponentsImpl (/Users/imsakthidev/Desktop/Projects/sakthiispeaks/node_modules/next/dist/server/base-server.js:1462:9)
    at async DevServer.renderPageComponent (/Users/imsakthidev/Desktop/Projects/sakthiispeaks/node_modules/next/dist/server/base-server.js:1514:24)
    at async DevServer.renderToResponseImpl (/Users/imsakthidev/Desktop/Projects/sakthiispeaks/node_modules/next/dist/server/base-server.js:1564:32)
    at async DevServer.pipeImpl (/Users/imsakthidev/Desktop/Projects/sakthiispeaks/node_modules/next/dist/server/base-server.js:1044:25)
    at async NextNodeServer.handleCatchallRenderRequest (/Users/imsakthidev/Desktop/Projects/sakthiispeaks/node_modules/next/dist/server/next-server.js:338:17)
    at async DevServer.handleRequestImpl (/Users/imsakthidev/Desktop/Projects/sakthiispeaks/node_modules/next/dist/server/base-server.js:935:17)
    at async /Users/imsakthidev/Desktop/Projects/sakthiispeaks/node_modules/next/dist/server/dev/next-dev-server.js:394:20
    at async Span.traceAsyncFn (/Users/imsakthidev/Desktop/Projects/sakthiispeaks/node_modules/next/dist/trace/trace.js:164:20)
    at async DevServer.handleRequest (/Users/imsakthidev/Desktop/Projects/sakthiispeaks/node_modules/next/dist/server/dev/next-dev-server.js:390:24)
    at async invokeRender (/Users/imsakthidev/Desktop/Projects/sakthiispeaks/node_modules/next/dist/server/lib/router-server.js:266:21)
    at async handleRequest (/Users/imsakthidev/Desktop/Projects/sakthiispeaks/node_modules/next/dist/server/lib/router-server.js:465:24)
    at async requestHandlerImpl (/Users/imsakthidev/Desktop/Projects/sakthiispeaks/node_modules/next/dist/server/lib/router-server.js:514:13)
    at async Server.requestListener (/Users/imsakthidev/Desktop/Projects/sakthiispeaks/node_modules/next/dist/server/lib/start-server.js:225:13)